<?xml version="1.0" encoding="UTF-8"?>
<!-- Generated by org.testng.reporters.JUnitReportReporter -->
<testsuite skipped="0" hostname="CBT-MH-000" name="net.phptravels.PhpTravels.Hotel1" tests="1" failures="0" timestamp="31 Oct 2019 07:54:21 GMT" time="29.527" errors="0">
  <testcase name="run_Hotel" time="29.527" classname="net.phptravels.PhpTravels.Hotel1"/>
</testsuite> <!-- net.phptravels.PhpTravels.Hotel1 -->
