<?xml version="1.0" encoding="UTF-8"?>
<!-- Generated by org.testng.reporters.JUnitReportReporter -->
<testsuite skipped="0" hostname="CBT-MH-000" name="net.phptravels.PhpTravels.Signup1" tests="1" failures="0" timestamp="31 Oct 2019 07:55:27 GMT" time="11.741" errors="0">
  <testcase name="runsignup" time="11.741" classname="net.phptravels.PhpTravels.Signup1"/>
</testsuite> <!-- net.phptravels.PhpTravels.Signup1 -->
